<?xml version="1.0" encoding="UTF-8"?>
<testsuite xmlns:xsi="http://www.w3.org/2001/XMLSchema-instance" xsi:noNamespaceSchemaLocation="https://maven.apache.org/surefire/maven-surefire-plugin/xsd/surefire-test-report-3.0.xsd" version="3.0" name="com.mycompany.app.AppTest" time="0.051" tests="2" errors="0" skipped="0" failures="0">
  <properties>
    <property name="java.specification.version" value="17"/>
    <property name="sun.cpu.isalist" value="amd64"/>
    <property name="sun.jnu.encoding" value="MS949"/>
    <property name="java.class.path" value="C:\Users\tipss\ml_ops\lab-git-ci-jinyoung-plus\target\test-classes;C:\Users\tipss\ml_ops\lab-git-ci-jinyoung-plus\target\classes;C:\Users\tipss\.m2\repository\junit\junit\4.11\junit-4.11.jar;C:\Users\tipss\.m2\repository\org\hamcrest\hamcrest-core\1.3\hamcrest-core-1.3.jar;"/>
    <property name="java.vm.vendor" value="Microsoft"/>
    <property name="sun.arch.data.model" value="64"/>
    <property name="user.variant" value=""/>
    <property name="java.vendor.url" value="https://www.microsoft.com"/>
    <property name="user.timezone" value="Europe/Paris"/>
    <property name="os.name" value="Windows 11"/>
    <property name="java.vm.specification.version" value="17"/>
    <property name="sun.java.launcher" value="SUN_STANDARD"/>
    <property name="user.country" value="KR"/>
    <property name="sun.boot.library.path" value="C:\Program Files (x86)\Android\openjdk\jdk-17.0.8.101-hotspot\bin"/>
    <property name="sun.java.command" value="C:\Users\tipss\AppData\Local\Temp\surefire6253527845911542255\surefirebooter-20240125125207876_3.jar C:\Users\tipss\AppData\Local\Temp\surefire6253527845911542255 2024-01-25T12-52-07_701-jvmRun1 surefire-20240125125207876_1tmp surefire_0-20240125125207876_2tmp"/>
    <property name="jdk.debug" value="release"/>
    <property name="surefire.test.class.path" value="C:\Users\tipss\ml_ops\lab-git-ci-jinyoung-plus\target\test-classes;C:\Users\tipss\ml_ops\lab-git-ci-jinyoung-plus\target\classes;C:\Users\tipss\.m2\repository\junit\junit\4.11\junit-4.11.jar;C:\Users\tipss\.m2\repository\org\hamcrest\hamcrest-core\1.3\hamcrest-core-1.3.jar;"/>
    <property name="sun.cpu.endian" value="little"/>
    <property name="user.home" value="C:\Users\tipss"/>
    <property name="user.language" value="ko"/>
    <property name="java.specification.vendor" value="Oracle Corporation"/>
    <property name="java.version.date" value="2023-08-24"/>
    <property name="java.home" value="C:\Program Files (x86)\Android\openjdk\jdk-17.0.8.101-hotspot"/>
    <property name="file.separator" value="\"/>
    <property name="basedir" value="C:\Users\tipss\ml_ops\lab-git-ci-jinyoung-plus"/>
    <property name="java.vm.compressedOopsMode" value="Zero based"/>
    <property name="line.separator" value="&#10;"/>
    <property name="java.vm.specification.vendor" value="Oracle Corporation"/>
    <property name="java.specification.name" value="Java Platform API Specification"/>
    <property name="surefire.real.class.path" value="C:\Users\tipss\AppData\Local\Temp\surefire6253527845911542255\surefirebooter-20240125125207876_3.jar"/>
    <property name="user.script" value=""/>
    <property name="sun.management.compiler" value="HotSpot 64-Bit Tiered Compilers"/>
    <property name="java.runtime.version" value="17.0.8.1+1-LTS"/>
    <property name="user.name" value="tipss"/>
    <property name="path.separator" value=";"/>
    <property name="os.version" value="10.0"/>
    <property name="java.runtime.name" value="OpenJDK Runtime Environment"/>
    <property name="file.encoding" value="MS949"/>
    <property name="java.vm.name" value="OpenJDK 64-Bit Server VM"/>
    <property name="java.vendor.version" value="Microsoft-8297089"/>
    <property name="localRepository" value="C:\Users\tipss\.m2\repository"/>
    <property name="java.vendor.url.bug" value="https://github.com/microsoft/openjdk/issues"/>
    <property name="java.io.tmpdir" value="C:\Users\tipss\AppData\Local\Temp\"/>
    <property name="java.version" value="17.0.8.1"/>
    <property name="user.dir" value="C:\Users\tipss\ml_ops\lab-git-ci-jinyoung-plus"/>
    <property name="os.arch" value="amd64"/>
    <property name="java.vm.specification.name" value="Java Virtual Machine Specification"/>
    <property name="sun.os.patch.level" value=""/>
    <property name="native.encoding" value="MS949"/>
    <property name="java.library.path" value="C:\Program Files (x86)\Android\openjdk\jdk-17.0.8.101-hotspot\bin;C:\WINDOWS\Sun\Java\bin;C:\WINDOWS\system32;C:\WINDOWS;C:\Program Files\Common Files\Oracle\Java\javapath;C:\Ruby32\bin;C:\Program Files\Java\jdk-17\bin;C:\app\tipss\product\21c\dbhomeXE;C:\WINDOWS\system32;C:\WINDOWS;C:\WINDOWS\System32\Wbem;C:\WINDOWS\System32\WindowsPowerShell\v1.0\;C:\WINDOWS\System32\OpenSSH\;C:\ProgramData\chocolatey\bin;C:\Program Files\nodejs\;C:\app\tipss\product\21c\dbhomeXE\bin;C:\Program Files\dotnet\;C:\Program Files\Microsoft SQL Server\150\Tools\Binn\;C:\Program Files\Microsoft SQL Server\Client SDK\ODBC\170\Tools\Binn\;C:\Program Files (x86)\Microsoft SQL Server\160\Tools\Binn\;C:\Program Files\Microsoft SQL Server\160\Tools\Binn\;C:\Program Files\Microsoft SQL Server\160\DTS\Binn\;C:\Program Files (x86)\Microsoft SQL Server\160\DTS\Binn\;C:\Program Files\Azure Data Studio\bin;C:\Program Files\Git\cmd;C:\Program Files\Git\bin;C:\Program Files\MongoDB\Server\7.0\bin;C:\Users\tipss\anaconda3\Lib\site-packages;C:\Program Files\PostgreSQL\16\bin;C:\Program Files\Docker\Docker\resources\bin;C:\Gradle\gradle-8.5\bin;C:\Program Files (x86)\Android\android-sdk\emulator;C:\Program Files (x86)\Android\android-sdk\platform-tools;C:\Program Files (x86)\Android\android-sdk\cmdline-tools\latest\bin;C:\Program Files (x86)\Android\android-sdk;C:\tool\jena\bat;C:\tool\apache-maven-3.9.6-bin\apache-maven-3.9.6\bin;C:\Ruby32\bin;C:\Users\tipss\AppData\Local\Programs\Python\Python311\Scripts\;C:\Users\tipss\AppData\Local\Programs\Python\Python311\;C:\Users\tipss\AppData\Local\Microsoft\WindowsApps;C:\Program Files\JetBrains\PyCharm Community Edition 2023.2.1\bin;;C:\Users\tipss\AppData\Roaming\npm;C:\Program Files\JetBrains\WebStorm 2023.2.1\bin;;C:\Users\tipss\.dotnet\tools;C:\Program Files\Azure Data Studio\bin;C:\Program Files\Git\bin;C:\Program Files\MongoDB\Server\7.0\bin;C:\Users\tipss\AppData\Local\Programs\Microsoft VS Code\bin;C:\Program Files\PostgreSQL\16\bin;C:\Program Files\heroku\bin;C:\Program Files\Git\bin;C:\Program Files\Java\jdk-17\bin;C:\Android\cmdline-tools\bin;;."/>
    <property name="java.vm.info" value="mixed mode, sharing"/>
    <property name="java.vendor" value="Microsoft"/>
    <property name="java.vm.version" value="17.0.8.1+1-LTS"/>
    <property name="sun.io.unicode.encoding" value="UnicodeLittle"/>
    <property name="java.class.version" value="61.0"/>
  </properties>
  <testcase name="testAppMain" classname="com.mycompany.app.AppTest" time="0.004"/>
  <testcase name="testAppConstructor" classname="com.mycompany.app.AppTest" time="0.0"/>
</testsuite>